<?xml version="1.0" encoding="UTF-8"?>
<testng-results ignored="0" total="3" passed="3" failed="0" skipped="0">
  <reporter-output>
  </reporter-output>
  <suite started-at="2024-03-15T12:53:39 GMT-05:00" name="Suite" finished-at="2024-03-15T12:55:01 GMT-05:00" duration-ms="81857">
    <groups>
    </groups>
    <test started-at="2024-03-15T12:53:39 GMT-05:00" name="Test" finished-at="2024-03-15T12:55:01 GMT-05:00" duration-ms="81857">
      <class name="SayHi">
        <test-method signature="invokeChrome(java.lang.String)[pri:0, instance:SayHi@6fdbe764]" started-at="2024-03-15T12:53:39 GMT-05:00" name="invokeChrome" finished-at="2024-03-15T12:53:59 GMT-05:00" duration-ms="19881" status="PASS">
          <params>
            <param index="0">
              <value>
                <![CDATA[https://www.google.com/]]>
              </value>
            </param>
          </params>
          <reporter-output>
          </reporter-output>
        </test-method> <!-- invokeChrome -->
        <test-method signature="invokeEdge(java.lang.String)[pri:0, instance:SayHi@6fdbe764]" started-at="2024-03-15T12:53:59 GMT-05:00" name="invokeEdge" finished-at="2024-03-15T12:54:25 GMT-05:00" duration-ms="25677" status="PASS">
          <params>
            <param index="0">
              <value>
                <![CDATA[https://www.google.com/]]>
              </value>
            </param>
          </params>
          <reporter-output>
          </reporter-output>
        </test-method> <!-- invokeEdge -->
        <test-method signature="invokeFirefox(java.lang.String)[pri:0, instance:SayHi@6fdbe764]" started-at="2024-03-15T12:54:25 GMT-05:00" name="invokeFirefox" finished-at="2024-03-15T12:55:01 GMT-05:00" duration-ms="36212" status="PASS">
          <params>
            <param index="0">
              <value>
                <![CDATA[https://www.google.com/]]>
              </value>
            </param>
          </params>
          <reporter-output>
          </reporter-output>
        </test-method> <!-- invokeFirefox -->
      </class> <!-- SayHi -->
    </test> <!-- Test -->
  </suite> <!-- Suite -->
</testng-results>
